/*C1*/SET SCHEMA SYSTEM_LOBS
INSERT INTO BLOCKS VALUES(0,2147483647,0)
COMMIT
/*C2*/SET SCHEMA PUBLIC
\u000a    drop table if exists competition_teams cascade 
\u000a    drop table if exists competitions cascade 
\u000a    drop table if exists match_sheets cascade 
\u000a    drop table if exists matches cascade 
\u000a    drop table if exists media cascade 
\u000a    drop table if exists notifications cascade 
\u000a    drop table if exists player_participations cascade 
\u000a    drop table if exists players cascade 
\u000a    drop table if exists standings cascade 
\u000a    drop table if exists teams cascade 
\u000a    drop table if exists users cascade 
\u000a    create table competition_teams (\u000a        competition_id bigint not null,\u000a        team_id bigint not null,\u000a        primary key (competition_id, team_id)\u000a    )
\u000a    create table competitions (\u000a        end_date date not null,\u000a        max_teams integer,\u000a        registration_deadline date,\u000a        start_date date not null,\u000a        created_at timestamp(6),\u000a        id bigint generated by default as identity (start with 1),\u000a        organizer_id bigint not null,\u000a        updated_at timestamp(6),\u000a        competition_status varchar(255) not null check (competition_status in ('UPCOMING','REGISTRATION','ONGOING','COMPLETED','CANCELLED')),\u000a        competition_type varchar(255) not null check (competition_type in ('LEAGUE','TOURNAMENT','CUP')),\u000a        description varchar(255) not null,\u000a        location varchar(255) not null,\u000a        name varchar(255) not null,\u000a        primary key (id)\u000a    )
\u000a    create table match_sheets (\u000a        is_validated boolean,\u000a        created_at timestamp(6),\u000a        id bigint generated by default as identity (start with 1),\u000a        match_id bigint not null unique,\u000a        updated_at timestamp(6),\u000a        validation_date timestamp(6),\u000a        strategy varchar(255),\u000a        primary key (id)\u000a    )
\u000a    create table matches (\u000a        away_score integer,\u000a        home_score integer,\u000a        away_team_id bigint not null,\u000a        competition_id bigint not null,\u000a        created_at timestamp(6),\u000a        home_team_id bigint not null,\u000a        id bigint generated by default as identity (start with 1),\u000a        match_date timestamp(6) not null,\u000a        updated_at timestamp(6),\u000a        location varchar(255),\u000a        match_status varchar(255) not null check (match_status in ('SCHEDULED','ONGOING','COMPLETED','POSTPONED','CANCELLED')),\u000a        primary key (id)\u000a    )
\u000a    create table media (\u000a        competition_id bigint,\u000a        created_at timestamp(6),\u000a        id bigint generated by default as identity (start with 1),\u000a        match_id bigint,\u000a        uploaded_by bigint not null,\u000a        media_type varchar(255) not null check (media_type in ('PHOTO','VIDEO','DOCUMENT')),\u000a        title varchar(255) not null,\u000a        url varchar(255) not null,\u000a        primary key (id)\u000a    )
\u000a    create table notifications (\u000a        is_read boolean,\u000a        created_at timestamp(6),\u000a        id bigint generated by default as identity (start with 1),\u000a        user_id bigint not null,\u000a        message varchar(255) not null,\u000a        notification_type varchar(255) not null check (notification_type in ('COMPETITION_REGISTRATION','MATCH_REMINDER','RESULT_UPDATE','SYSTEM_MESSAGE')),\u000a        title varchar(255) not null,\u000a        primary key (id)\u000a    )
\u000a    create table player_participations (\u000a        goals_scored integer,\u000a        minutes_played integer,\u000a        red_cards integer,\u000a        shirt_number integer,\u000a        substitution_in_time integer,\u000a        substitution_out_time integer,\u000a        yellow_cards integer,\u000a        created_at timestamp(6),\u000a        id bigint generated by default as identity (start with 1),\u000a        match_sheet_id bigint not null,\u000a        player_id bigint not null,\u000a        updated_at timestamp(6),\u000a        player_status varchar(255) not null check (player_status in ('STARTER','SUBSTITUTE','ENTERED','NOT_PLAYED','INJURED','EXPELLED')),\u000a        position varchar(255),\u000a        primary key (id)\u000a    )
\u000a    create table players (\u000a        date_of_birth date not null,\u000a        id bigint not null,\u000a        team_id bigint not null,\u000a        last_name varchar(255) not null,\u000a        license_number varchar(255) not null unique,\u000a        primary key (id)\u000a    )
\u000a    create table standings (\u000a        goal_difference integer,\u000a        goals_against integer,\u000a        goals_for integer,\u000a        matches_drawn integer,\u000a        matches_lost integer,\u000a        matches_played integer,\u000a        matches_won integer,\u000a        points integer,\u000a        rank integer,\u000a        competition_id bigint not null,\u000a        id bigint generated by default as identity (start with 1),\u000a        team_id bigint not null,\u000a        updated_at timestamp(6),\u000a        primary key (id)\u000a    )
\u000a    create table teams (\u000a        coach_id bigint not null,\u000a        created_at timestamp(6),\u000a        id bigint generated by default as identity (start with 1),\u000a        updated_at timestamp(6),\u000a        category varchar(255) not null,\u000a        logo varchar(255),\u000a        name varchar(255) not null,\u000a        primary key (id)\u000a    )
\u000a    create table users (\u000a        created_at timestamp(6),\u000a        id bigint generated by default as identity (start with 1),\u000a        updated_at timestamp(6),\u000a        email varchar(255) not null unique,\u000a        first_name varchar(255) not null,\u000a        password varchar(255) not null,\u000a        phone_number varchar(255),\u000a        profile_picture varchar(255),\u000a        role varchar(255) not null,\u000a        sur_name varchar(255) not null,\u000a        user_name varchar(255),\u000a        primary key (id)\u000a    )
\u000a    alter table competition_teams \u000a       add constraint FKe7d44sqbvks0ksyek5s0hkwbb \u000a       foreign key (team_id) \u000a       references teams
\u000a    alter table competition_teams \u000a       add constraint FK3vr384amtk94uwh5y09qs72tx \u000a       foreign key (competition_id) \u000a       references competitions
\u000a    alter table competitions \u000a       add constraint FKgyg21c2jo1s32pybeb6xduox7 \u000a       foreign key (organizer_id) \u000a       references users
\u000a    alter table match_sheets \u000a       add constraint FKs424mpo83t87r4bqpno5sa1bj \u000a       foreign key (match_id) \u000a       references matches
\u000a    alter table matches \u000a       add constraint FK2e8erbfecb0tjtq9iudg36bxu \u000a       foreign key (away_team_id) \u000a       references teams
\u000a    alter table matches \u000a       add constraint FK2yx8g5hn2q4hfx6mi59o1fo0y \u000a       foreign key (competition_id) \u000a       references competitions
\u000a    alter table matches \u000a       add constraint FK8k68nekawp47js52dq8720voe \u000a       foreign key (home_team_id) \u000a       references teams
\u000a    alter table media \u000a       add constraint FKcs4djkcnc40n0j0xyv2jsqt7u \u000a       foreign key (competition_id) \u000a       references competitions
\u000a    alter table media \u000a       add constraint FKcaa44srlkgjpkyrdku4xbs4ge \u000a       foreign key (match_id) \u000a       references matches
\u000a    alter table media \u000a       add constraint FKtphggvts46illbyvh98xlb0fd \u000a       foreign key (uploaded_by) \u000a       references users
\u000a    alter table notifications \u000a       add constraint FK9y21adhxn0ayjhfocscqox7bh \u000a       foreign key (user_id) \u000a       references users
\u000a    alter table player_participations \u000a       add constraint FKb8mlur1fj9f83hmkhkwxwto86 \u000a       foreign key (match_sheet_id) \u000a       references match_sheets
\u000a    alter table player_participations \u000a       add constraint FK8yopq0735xwb4f6o072sqapsi \u000a       foreign key (player_id) \u000a       references players
\u000a    alter table players \u000a       add constraint FK5nglidr00c4dyybl171v6kask \u000a       foreign key (team_id) \u000a       references teams
\u000a    alter table players \u000a       add constraint FKew10bdm70xnwdi3dgm7ja23fk \u000a       foreign key (id) \u000a       references users
\u000a    alter table standings \u000a       add constraint FK1mk0ei56mpdisw4rnmvmdc6m5 \u000a       foreign key (competition_id) \u000a       references competitions
\u000a    alter table standings \u000a       add constraint FK6ak9f4ieqoq2bam5sjt9us7e \u000a       foreign key (team_id) \u000a       references teams
\u000a    alter table teams \u000a       add constraint FK960eiqvy6kth3pqmgrmrolfxw \u000a       foreign key (coach_id) \u000a       references users
INSERT INTO USERS VALUES('2025-04-02 16:34:51.802425',1,'2025-04-02 16:34:51.802455','organizer@example.com','John','$2a$10$TJ7cZL5HwIBkP5notZkxoePQaZFGvLp3tvlAmE7N8nYcD07YjDfFW',NULL,NULL,'ORGANIZER','Doe',NULL)
COMMIT
INSERT INTO USERS VALUES('2025-04-02 16:34:51.893782',2,'2025-04-02 16:34:51.893806','coach@example.com','Alice','$2a$10$r2vlaI3abQgZec7H10i3OetniXRxDP75dyQ3hFKwnWEBS1p56eGGu',NULL,NULL,'COACH','Smith',NULL)
COMMIT
INSERT INTO TEAMS VALUES(2,'2025-04-02 16:34:51.897664',1,'2025-04-02 16:34:51.897681','Juniors',NULL,'Team Alpha')
COMMIT
INSERT INTO TEAMS VALUES(2,'2025-04-02 16:34:51.907587',2,'2025-04-02 16:34:51.907604','Seniors',NULL,'Team Beta')
COMMIT
INSERT INTO COMPETITIONS VALUES('2025-04-16',16,'2025-04-05','2025-04-09','2025-04-02 16:34:51.910064',1,1,'2025-04-02 16:34:51.910071','UPCOMING','LEAGUE','Annual Spring Football Tournament','Stadium A','Spring Tournament')
INSERT INTO COMPETITION_TEAMS VALUES(1,2)
INSERT INTO COMPETITION_TEAMS VALUES(1,1)
COMMIT
INSERT INTO MATCHES VALUES(NULL,NULL,2,1,'2025-04-02 16:34:51.915617',1,1,'2025-04-10 16:34:51.915570','2025-04-02 16:34:51.915622','Stadium A - Field 1','SCHEDULED')
COMMIT
INSERT INTO MATCH_SHEETS VALUES(FALSE,'2025-04-02 16:34:51.918820',1,1,'2025-04-02 16:34:51.918836',NULL,'Standard 4-4-2')
COMMIT
\u000a    drop table if exists competition_teams cascade 
\u000a    drop table if exists competitions cascade 
\u000a    drop table if exists match_sheets cascade 
\u000a    drop table if exists matches cascade 
\u000a    drop table if exists media cascade 
\u000a    drop table if exists notifications cascade 
\u000a    drop table if exists player_participations cascade 
\u000a    drop table if exists players cascade 
\u000a    drop table if exists standings cascade 
\u000a    drop table if exists teams cascade 
\u000a    drop table if exists users cascade 
DISCONNECT
/*C3*/SET SCHEMA PUBLIC
DISCONNECT
/*C4*/SET SCHEMA PUBLIC
DISCONNECT
/*C5*/SET SCHEMA PUBLIC
DISCONNECT
/*C6*/SET SCHEMA PUBLIC
DISCONNECT
/*C7*/SET SCHEMA PUBLIC
DISCONNECT
/*C8*/SET SCHEMA PUBLIC
DISCONNECT
/*C9*/SET SCHEMA PUBLIC
DISCONNECT
/*C10*/SET SCHEMA PUBLIC
DISCONNECT
/*C11*/SET SCHEMA PUBLIC
DISCONNECT
/*C12*/SET SCHEMA PUBLIC
\u000a    drop table if exists competition_teams cascade 
\u000a    drop table if exists competitions cascade 
\u000a    drop table if exists match_sheets cascade 
\u000a    drop table if exists matches cascade 
\u000a    drop table if exists media cascade 
\u000a    drop table if exists notifications cascade 
\u000a    drop table if exists player_participations cascade 
\u000a    drop table if exists players cascade 
\u000a    drop table if exists standings cascade 
\u000a    drop table if exists teams cascade 
\u000a    drop table if exists users cascade 
\u000a    create table competition_teams (\u000a        competition_id bigint not null,\u000a        team_id bigint not null,\u000a        primary key (competition_id, team_id)\u000a    )
\u000a    create table competitions (\u000a        end_date date not null,\u000a        max_teams integer,\u000a        registration_deadline date,\u000a        start_date date not null,\u000a        created_at timestamp(6),\u000a        id bigint generated by default as identity (start with 1),\u000a        organizer_id bigint not null,\u000a        updated_at timestamp(6),\u000a        competition_status varchar(255) not null check (competition_status in ('UPCOMING','REGISTRATION','ONGOING','COMPLETED','CANCELLED')),\u000a        competition_type varchar(255) not null check (competition_type in ('LEAGUE','TOURNAMENT','CUP')),\u000a        description varchar(255) not null,\u000a        location varchar(255) not null,\u000a        name varchar(255) not null,\u000a        primary key (id)\u000a    )
\u000a    create table match_sheets (\u000a        is_validated boolean,\u000a        created_at timestamp(6),\u000a        id bigint generated by default as identity (start with 1),\u000a        match_id bigint not null unique,\u000a        updated_at timestamp(6),\u000a        validation_date timestamp(6),\u000a        strategy varchar(255),\u000a        primary key (id)\u000a    )
\u000a    create table matches (\u000a        away_score integer,\u000a        home_score integer,\u000a        away_team_id bigint not null,\u000a        competition_id bigint not null,\u000a        created_at timestamp(6),\u000a        home_team_id bigint not null,\u000a        id bigint generated by default as identity (start with 1),\u000a        match_date timestamp(6) not null,\u000a        updated_at timestamp(6),\u000a        location varchar(255),\u000a        match_status varchar(255) not null check (match_status in ('SCHEDULED','ONGOING','COMPLETED','POSTPONED','CANCELLED')),\u000a        primary key (id)\u000a    )
\u000a    create table media (\u000a        competition_id bigint,\u000a        created_at timestamp(6),\u000a        id bigint generated by default as identity (start with 1),\u000a        match_id bigint,\u000a        uploaded_by bigint not null,\u000a        media_type varchar(255) not null check (media_type in ('PHOTO','VIDEO','DOCUMENT')),\u000a        title varchar(255) not null,\u000a        url varchar(255) not null,\u000a        primary key (id)\u000a    )
\u000a    create table notifications (\u000a        is_read boolean,\u000a        created_at timestamp(6),\u000a        id bigint generated by default as identity (start with 1),\u000a        user_id bigint not null,\u000a        message varchar(255) not null,\u000a        notification_type varchar(255) not null check (notification_type in ('COMPETITION_REGISTRATION','MATCH_REMINDER','RESULT_UPDATE','SYSTEM_MESSAGE')),\u000a        title varchar(255) not null,\u000a        primary key (id)\u000a    )
\u000a    create table player_participations (\u000a        goals_scored integer,\u000a        minutes_played integer,\u000a        red_cards integer,\u000a        shirt_number integer,\u000a        substitution_in_time integer,\u000a        substitution_out_time integer,\u000a        yellow_cards integer,\u000a        created_at timestamp(6),\u000a        id bigint generated by default as identity (start with 1),\u000a        match_sheet_id bigint not null,\u000a        player_id bigint not null,\u000a        updated_at timestamp(6),\u000a        player_status varchar(255) not null check (player_status in ('STARTER','SUBSTITUTE','ENTERED','NOT_PLAYED','INJURED','EXPELLED')),\u000a        position varchar(255),\u000a        primary key (id)\u000a    )
\u000a    create table players (\u000a        date_of_birth date not null,\u000a        id bigint not null,\u000a        team_id bigint not null,\u000a        last_name varchar(255) not null,\u000a        license_number varchar(255) not null unique,\u000a        primary key (id)\u000a    )
\u000a    create table standings (\u000a        goal_difference integer,\u000a        goals_against integer,\u000a        goals_for integer,\u000a        matches_drawn integer,\u000a        matches_lost integer,\u000a        matches_played integer,\u000a        matches_won integer,\u000a        points integer,\u000a        rank integer,\u000a        competition_id bigint not null,\u000a        id bigint generated by default as identity (start with 1),\u000a        team_id bigint not null,\u000a        updated_at timestamp(6),\u000a        primary key (id)\u000a    )
\u000a    create table teams (\u000a        coach_id bigint not null,\u000a        created_at timestamp(6),\u000a        id bigint generated by default as identity (start with 1),\u000a        updated_at timestamp(6),\u000a        category varchar(255) not null,\u000a        logo varchar(255),\u000a        name varchar(255) not null,\u000a        primary key (id)\u000a    )
\u000a    create table users (\u000a        created_at timestamp(6),\u000a        id bigint generated by default as identity (start with 1),\u000a        updated_at timestamp(6),\u000a        email varchar(255) not null unique,\u000a        first_name varchar(255) not null,\u000a        password varchar(255) not null,\u000a        phone_number varchar(255),\u000a        profile_picture varchar(255),\u000a        role varchar(255) not null,\u000a        sur_name varchar(255) not null,\u000a        user_name varchar(255),\u000a        primary key (id)\u000a    )
\u000a    alter table competition_teams \u000a       add constraint FKe7d44sqbvks0ksyek5s0hkwbb \u000a       foreign key (team_id) \u000a       references teams
\u000a    alter table competition_teams \u000a       add constraint FK3vr384amtk94uwh5y09qs72tx \u000a       foreign key (competition_id) \u000a       references competitions
\u000a    alter table competitions \u000a       add constraint FKgyg21c2jo1s32pybeb6xduox7 \u000a       foreign key (organizer_id) \u000a       references users
\u000a    alter table match_sheets \u000a       add constraint FKs424mpo83t87r4bqpno5sa1bj \u000a       foreign key (match_id) \u000a       references matches
\u000a    alter table matches \u000a       add constraint FK2e8erbfecb0tjtq9iudg36bxu \u000a       foreign key (away_team_id) \u000a       references teams
\u000a    alter table matches \u000a       add constraint FK2yx8g5hn2q4hfx6mi59o1fo0y \u000a       foreign key (competition_id) \u000a       references competitions
\u000a    alter table matches \u000a       add constraint FK8k68nekawp47js52dq8720voe \u000a       foreign key (home_team_id) \u000a       references teams
\u000a    alter table media \u000a       add constraint FKcs4djkcnc40n0j0xyv2jsqt7u \u000a       foreign key (competition_id) \u000a       references competitions
\u000a    alter table media \u000a       add constraint FKcaa44srlkgjpkyrdku4xbs4ge \u000a       foreign key (match_id) \u000a       references matches
\u000a    alter table media \u000a       add constraint FKtphggvts46illbyvh98xlb0fd \u000a       foreign key (uploaded_by) \u000a       references users
\u000a    alter table notifications \u000a       add constraint FK9y21adhxn0ayjhfocscqox7bh \u000a       foreign key (user_id) \u000a       references users
\u000a    alter table player_participations \u000a       add constraint FKb8mlur1fj9f83hmkhkwxwto86 \u000a       foreign key (match_sheet_id) \u000a       references match_sheets
\u000a    alter table player_participations \u000a       add constraint FK8yopq0735xwb4f6o072sqapsi \u000a       foreign key (player_id) \u000a       references players
\u000a    alter table players \u000a       add constraint FK5nglidr00c4dyybl171v6kask \u000a       foreign key (team_id) \u000a       references teams
\u000a    alter table players \u000a       add constraint FKew10bdm70xnwdi3dgm7ja23fk \u000a       foreign key (id) \u000a       references users
\u000a    alter table standings \u000a       add constraint FK1mk0ei56mpdisw4rnmvmdc6m5 \u000a       foreign key (competition_id) \u000a       references competitions
\u000a    alter table standings \u000a       add constraint FK6ak9f4ieqoq2bam5sjt9us7e \u000a       foreign key (team_id) \u000a       references teams
\u000a    alter table teams \u000a       add constraint FK960eiqvy6kth3pqmgrmrolfxw \u000a       foreign key (coach_id) \u000a       references users
INSERT INTO USERS VALUES('2025-04-02 16:35:09.452663',1,'2025-04-02 16:35:09.452685','organizer@example.com','John','$2a$10$gJl2rdt2Wf238cv7f0J5wePmE42apX.g.HzN5vfbjMHJpxuJu5sMO',NULL,NULL,'ORGANIZER','Doe',NULL)
COMMIT
INSERT INTO USERS VALUES('2025-04-02 16:35:09.518951',2,'2025-04-02 16:35:09.518972','coach@example.com','Alice','$2a$10$cyYKTE0KAQRo7KOTMJuJ0eJRYr5g/nfpjx1dKPnRIT5f8VgV0fvFm',NULL,NULL,'COACH','Smith',NULL)
COMMIT
INSERT INTO TEAMS VALUES(2,'2025-04-02 16:35:09.523683',1,'2025-04-02 16:35:09.523708','Juniors',NULL,'Team Alpha')
COMMIT
INSERT INTO TEAMS VALUES(2,'2025-04-02 16:35:09.525767',2,'2025-04-02 16:35:09.525775','Seniors',NULL,'Team Beta')
COMMIT
INSERT INTO COMPETITIONS VALUES('2025-04-16',16,'2025-04-05','2025-04-09','2025-04-02 16:35:09.527373',1,1,'2025-04-02 16:35:09.527378','UPCOMING','LEAGUE','Annual Spring Football Tournament','Stadium A','Spring Tournament')
INSERT INTO COMPETITION_TEAMS VALUES(1,2)
INSERT INTO COMPETITION_TEAMS VALUES(1,1)
COMMIT
INSERT INTO MATCHES VALUES(NULL,NULL,2,1,'2025-04-02 16:35:09.530298',1,1,'2025-04-10 16:35:09.530279','2025-04-02 16:35:09.530303','Stadium A - Field 1','SCHEDULED')
COMMIT
INSERT INTO MATCH_SHEETS VALUES(FALSE,'2025-04-02 16:35:09.531937',1,1,'2025-04-02 16:35:09.531946',NULL,'Standard 4-4-2')
COMMIT
\u000a    drop table if exists competition_teams cascade 
\u000a    drop table if exists competitions cascade 
\u000a    drop table if exists match_sheets cascade 
\u000a    drop table if exists matches cascade 
\u000a    drop table if exists media cascade 
\u000a    drop table if exists notifications cascade 
\u000a    drop table if exists player_participations cascade 
\u000a    drop table if exists players cascade 
\u000a    drop table if exists standings cascade 
\u000a    drop table if exists teams cascade 
\u000a    drop table if exists users cascade 
DISCONNECT
/*C13*/SET SCHEMA PUBLIC
DISCONNECT
/*C14*/SET SCHEMA PUBLIC
DISCONNECT
/*C15*/SET SCHEMA PUBLIC
DISCONNECT
/*C16*/SET SCHEMA PUBLIC
DISCONNECT
/*C17*/SET SCHEMA PUBLIC
DISCONNECT
/*C18*/SET SCHEMA PUBLIC
DISCONNECT
/*C19*/SET SCHEMA PUBLIC
DISCONNECT
/*C20*/SET SCHEMA PUBLIC
DISCONNECT
/*C21*/SET SCHEMA PUBLIC
DISCONNECT
/*C23*/SET SCHEMA PUBLIC
\u000a    drop table if exists competition_teams cascade 
\u000a    drop table if exists competitions cascade 
\u000a    drop table if exists match_sheets cascade 
\u000a    drop table if exists matches cascade 
\u000a    drop table if exists media cascade 
\u000a    drop table if exists notifications cascade 
\u000a    drop table if exists player_participations cascade 
\u000a    drop table if exists players cascade 
\u000a    drop table if exists standings cascade 
\u000a    drop table if exists teams cascade 
\u000a    drop table if exists users cascade 
\u000a    create table competition_teams (\u000a        competition_id bigint not null,\u000a        team_id bigint not null,\u000a        primary key (competition_id, team_id)\u000a    )
\u000a    create table competitions (\u000a        end_date date not null,\u000a        max_teams integer,\u000a        registration_deadline date,\u000a        start_date date not null,\u000a        created_at timestamp(6),\u000a        id bigint generated by default as identity (start with 1),\u000a        organizer_id bigint not null,\u000a        updated_at timestamp(6),\u000a        competition_status varchar(255) not null check (competition_status in ('UPCOMING','REGISTRATION','ONGOING','COMPLETED','CANCELLED')),\u000a        competition_type varchar(255) not null check (competition_type in ('LEAGUE','TOURNAMENT','CUP')),\u000a        description varchar(255) not null,\u000a        location varchar(255) not null,\u000a        name varchar(255) not null,\u000a        primary key (id)\u000a    )
\u000a    create table match_sheets (\u000a        is_validated boolean,\u000a        created_at timestamp(6),\u000a        id bigint generated by default as identity (start with 1),\u000a        match_id bigint not null unique,\u000a        updated_at timestamp(6),\u000a        validation_date timestamp(6),\u000a        strategy varchar(255),\u000a        primary key (id)\u000a    )
\u000a    create table matches (\u000a        away_score integer,\u000a        home_score integer,\u000a        away_team_id bigint not null,\u000a        competition_id bigint not null,\u000a        created_at timestamp(6),\u000a        home_team_id bigint not null,\u000a        id bigint generated by default as identity (start with 1),\u000a        match_date timestamp(6) not null,\u000a        updated_at timestamp(6),\u000a        location varchar(255),\u000a        match_status varchar(255) not null check (match_status in ('SCHEDULED','ONGOING','COMPLETED','POSTPONED','CANCELLED')),\u000a        primary key (id)\u000a    )
\u000a    create table media (\u000a        competition_id bigint,\u000a        created_at timestamp(6),\u000a        id bigint generated by default as identity (start with 1),\u000a        match_id bigint,\u000a        uploaded_by bigint not null,\u000a        media_type varchar(255) not null check (media_type in ('PHOTO','VIDEO','DOCUMENT')),\u000a        title varchar(255) not null,\u000a        url varchar(255) not null,\u000a        primary key (id)\u000a    )
\u000a    create table notifications (\u000a        is_read boolean,\u000a        created_at timestamp(6),\u000a        id bigint generated by default as identity (start with 1),\u000a        user_id bigint not null,\u000a        message varchar(255) not null,\u000a        notification_type varchar(255) not null check (notification_type in ('COMPETITION_REGISTRATION','MATCH_REMINDER','RESULT_UPDATE','SYSTEM_MESSAGE')),\u000a        title varchar(255) not null,\u000a        primary key (id)\u000a    )
\u000a    create table player_participations (\u000a        goals_scored integer,\u000a        minutes_played integer,\u000a        red_cards integer,\u000a        shirt_number integer,\u000a        substitution_in_time integer,\u000a        substitution_out_time integer,\u000a        yellow_cards integer,\u000a        created_at timestamp(6),\u000a        id bigint generated by default as identity (start with 1),\u000a        match_sheet_id bigint not null,\u000a        player_id bigint not null,\u000a        updated_at timestamp(6),\u000a        player_status varchar(255) not null check (player_status in ('STARTER','SUBSTITUTE','ENTERED','NOT_PLAYED','INJURED','EXPELLED')),\u000a        position varchar(255),\u000a        primary key (id)\u000a    )
\u000a    create table players (\u000a        date_of_birth date not null,\u000a        id bigint not null,\u000a        team_id bigint not null,\u000a        last_name varchar(255) not null,\u000a        license_number varchar(255) not null unique,\u000a        primary key (id)\u000a    )
\u000a    create table standings (\u000a        goal_difference integer,\u000a        goals_against integer,\u000a        goals_for integer,\u000a        matches_drawn integer,\u000a        matches_lost integer,\u000a        matches_played integer,\u000a        matches_won integer,\u000a        points integer,\u000a        rank integer,\u000a        competition_id bigint not null,\u000a        id bigint generated by default as identity (start with 1),\u000a        team_id bigint not null,\u000a        updated_at timestamp(6),\u000a        primary key (id)\u000a    )
\u000a    create table teams (\u000a        coach_id bigint not null,\u000a        created_at timestamp(6),\u000a        id bigint generated by default as identity (start with 1),\u000a        updated_at timestamp(6),\u000a        category varchar(255) not null,\u000a        logo varchar(255),\u000a        name varchar(255) not null,\u000a        primary key (id)\u000a    )
\u000a    create table users (\u000a        created_at timestamp(6),\u000a        id bigint generated by default as identity (start with 1),\u000a        updated_at timestamp(6),\u000a        email varchar(255) not null unique,\u000a        first_name varchar(255) not null,\u000a        password varchar(255) not null,\u000a        phone_number varchar(255),\u000a        profile_picture varchar(255),\u000a        role varchar(255) not null,\u000a        sur_name varchar(255) not null,\u000a        user_name varchar(255),\u000a        primary key (id)\u000a    )
\u000a    alter table competition_teams \u000a       add constraint FKe7d44sqbvks0ksyek5s0hkwbb \u000a       foreign key (team_id) \u000a       references teams
\u000a    alter table competition_teams \u000a       add constraint FK3vr384amtk94uwh5y09qs72tx \u000a       foreign key (competition_id) \u000a       references competitions
\u000a    alter table competitions \u000a       add constraint FKgyg21c2jo1s32pybeb6xduox7 \u000a       foreign key (organizer_id) \u000a       references users
\u000a    alter table match_sheets \u000a       add constraint FKs424mpo83t87r4bqpno5sa1bj \u000a       foreign key (match_id) \u000a       references matches
\u000a    alter table matches \u000a       add constraint FK2e8erbfecb0tjtq9iudg36bxu \u000a       foreign key (away_team_id) \u000a       references teams
\u000a    alter table matches \u000a       add constraint FK2yx8g5hn2q4hfx6mi59o1fo0y \u000a       foreign key (competition_id) \u000a       references competitions
\u000a    alter table matches \u000a       add constraint FK8k68nekawp47js52dq8720voe \u000a       foreign key (home_team_id) \u000a       references teams
\u000a    alter table media \u000a       add constraint FKcs4djkcnc40n0j0xyv2jsqt7u \u000a       foreign key (competition_id) \u000a       references competitions
\u000a    alter table media \u000a       add constraint FKcaa44srlkgjpkyrdku4xbs4ge \u000a       foreign key (match_id) \u000a       references matches
\u000a    alter table media \u000a       add constraint FKtphggvts46illbyvh98xlb0fd \u000a       foreign key (uploaded_by) \u000a       references users
\u000a    alter table notifications \u000a       add constraint FK9y21adhxn0ayjhfocscqox7bh \u000a       foreign key (user_id) \u000a       references users
\u000a    alter table player_participations \u000a       add constraint FKb8mlur1fj9f83hmkhkwxwto86 \u000a       foreign key (match_sheet_id) \u000a       references match_sheets
\u000a    alter table player_participations \u000a       add constraint FK8yopq0735xwb4f6o072sqapsi \u000a       foreign key (player_id) \u000a       references players
\u000a    alter table players \u000a       add constraint FK5nglidr00c4dyybl171v6kask \u000a       foreign key (team_id) \u000a       references teams
\u000a    alter table players \u000a       add constraint FKew10bdm70xnwdi3dgm7ja23fk \u000a       foreign key (id) \u000a       references users
\u000a    alter table standings \u000a       add constraint FK1mk0ei56mpdisw4rnmvmdc6m5 \u000a       foreign key (competition_id) \u000a       references competitions
\u000a    alter table standings \u000a       add constraint FK6ak9f4ieqoq2bam5sjt9us7e \u000a       foreign key (team_id) \u000a       references teams
\u000a    alter table teams \u000a       add constraint FK960eiqvy6kth3pqmgrmrolfxw \u000a       foreign key (coach_id) \u000a       references users
INSERT INTO USERS VALUES('2025-04-02 16:35:39.144468',1,'2025-04-02 16:35:39.144487','organizer@example.com','John','$2a$10$TCPpyCwsSMFBKEtQ6vkGdOGOycMDdZb/Q1/zf.Mcqiq3pqzZd5hWS',NULL,NULL,'ORGANIZER','Doe',NULL)
COMMIT
INSERT INTO USERS VALUES('2025-04-02 16:35:39.212627',2,'2025-04-02 16:35:39.212647','coach@example.com','Alice','$2a$10$aP4GAyMnBJJs40b64Gft8Oow8qsohsUqKESOP7kTqwZxJOxUNgHjK',NULL,NULL,'COACH','Smith',NULL)
COMMIT
INSERT INTO TEAMS VALUES(2,'2025-04-02 16:35:39.215500',1,'2025-04-02 16:35:39.215517','Juniors',NULL,'Team Alpha')
COMMIT
INSERT INTO TEAMS VALUES(2,'2025-04-02 16:35:39.217932',2,'2025-04-02 16:35:39.217947','Seniors',NULL,'Team Beta')
COMMIT
INSERT INTO COMPETITIONS VALUES('2025-04-16',16,'2025-04-05','2025-04-09','2025-04-02 16:35:39.219723',1,1,'2025-04-02 16:35:39.219728','UPCOMING','LEAGUE','Annual Spring Football Tournament','Stadium A','Spring Tournament')
INSERT INTO COMPETITION_TEAMS VALUES(1,1)
INSERT INTO COMPETITION_TEAMS VALUES(1,2)
COMMIT
INSERT INTO MATCHES VALUES(NULL,NULL,2,1,'2025-04-02 16:35:39.222837',1,1,'2025-04-10 16:35:39.222813','2025-04-02 16:35:39.222841','Stadium A - Field 1','SCHEDULED')
COMMIT
INSERT INTO MATCH_SHEETS VALUES(FALSE,'2025-04-02 16:35:39.224855',1,1,'2025-04-02 16:35:39.224868',NULL,'Standard 4-4-2')
COMMIT
\u000a    drop table if exists competition_teams cascade 
\u000a    drop table if exists competitions cascade 
\u000a    drop table if exists match_sheets cascade 
\u000a    drop table if exists matches cascade 
\u000a    drop table if exists media cascade 
\u000a    drop table if exists notifications cascade 
\u000a    drop table if exists player_participations cascade 
\u000a    drop table if exists players cascade 
\u000a    drop table if exists standings cascade 
\u000a    drop table if exists teams cascade 
\u000a    drop table if exists users cascade 
DISCONNECT
/*C24*/SET SCHEMA PUBLIC
DISCONNECT
/*C25*/SET SCHEMA PUBLIC
DISCONNECT
/*C26*/SET SCHEMA PUBLIC
DISCONNECT
/*C27*/SET SCHEMA PUBLIC
DISCONNECT
/*C28*/SET SCHEMA PUBLIC
DISCONNECT
/*C29*/SET SCHEMA PUBLIC
DISCONNECT
/*C30*/SET SCHEMA PUBLIC
DISCONNECT
/*C31*/SET SCHEMA PUBLIC
DISCONNECT
/*C32*/SET SCHEMA PUBLIC
DISCONNECT
/*C33*/SET SCHEMA PUBLIC
\u000a    drop table if exists competition_teams cascade 
\u000a    drop table if exists competitions cascade 
\u000a    drop table if exists match_sheets cascade 
\u000a    drop table if exists matches cascade 
\u000a    drop table if exists media cascade 
\u000a    drop table if exists notifications cascade 
\u000a    drop table if exists player_participations cascade 
\u000a    drop table if exists players cascade 
\u000a    drop table if exists standings cascade 
\u000a    drop table if exists teams cascade 
\u000a    drop table if exists users cascade 
\u000a    create table competition_teams (\u000a        competition_id bigint not null,\u000a        team_id bigint not null,\u000a        primary key (competition_id, team_id)\u000a    )
\u000a    create table competitions (\u000a        end_date date not null,\u000a        max_teams integer,\u000a        registration_deadline date,\u000a        start_date date not null,\u000a        created_at timestamp(6),\u000a        id bigint generated by default as identity (start with 1),\u000a        organizer_id bigint not null,\u000a        updated_at timestamp(6),\u000a        competition_status varchar(255) not null check (competition_status in ('UPCOMING','REGISTRATION','ONGOING','COMPLETED','CANCELLED')),\u000a        competition_type varchar(255) not null check (competition_type in ('LEAGUE','TOURNAMENT','CUP')),\u000a        description varchar(255) not null,\u000a        location varchar(255) not null,\u000a        name varchar(255) not null,\u000a        primary key (id)\u000a    )
\u000a    create table match_sheets (\u000a        is_validated boolean,\u000a        created_at timestamp(6),\u000a        id bigint generated by default as identity (start with 1),\u000a        match_id bigint not null unique,\u000a        updated_at timestamp(6),\u000a        validation_date timestamp(6),\u000a        strategy varchar(255),\u000a        primary key (id)\u000a    )
\u000a    create table matches (\u000a        away_score integer,\u000a        home_score integer,\u000a        away_team_id bigint not null,\u000a        competition_id bigint not null,\u000a        created_at timestamp(6),\u000a        home_team_id bigint not null,\u000a        id bigint generated by default as identity (start with 1),\u000a        match_date timestamp(6) not null,\u000a        updated_at timestamp(6),\u000a        location varchar(255),\u000a        match_status varchar(255) not null check (match_status in ('SCHEDULED','ONGOING','COMPLETED','POSTPONED','CANCELLED')),\u000a        primary key (id)\u000a    )
\u000a    create table media (\u000a        competition_id bigint,\u000a        created_at timestamp(6),\u000a        id bigint generated by default as identity (start with 1),\u000a        match_id bigint,\u000a        uploaded_by bigint not null,\u000a        media_type varchar(255) not null check (media_type in ('PHOTO','VIDEO','DOCUMENT')),\u000a        title varchar(255) not null,\u000a        url varchar(255) not null,\u000a        primary key (id)\u000a    )
\u000a    create table notifications (\u000a        is_read boolean,\u000a        created_at timestamp(6),\u000a        id bigint generated by default as identity (start with 1),\u000a        user_id bigint not null,\u000a        message varchar(255) not null,\u000a        notification_type varchar(255) not null check (notification_type in ('COMPETITION_REGISTRATION','MATCH_REMINDER','RESULT_UPDATE','SYSTEM_MESSAGE')),\u000a        title varchar(255) not null,\u000a        primary key (id)\u000a    )
\u000a    create table player_participations (\u000a        goals_scored integer,\u000a        minutes_played integer,\u000a        red_cards integer,\u000a        shirt_number integer,\u000a        substitution_in_time integer,\u000a        substitution_out_time integer,\u000a        yellow_cards integer,\u000a        created_at timestamp(6),\u000a        id bigint generated by default as identity (start with 1),\u000a        match_sheet_id bigint not null,\u000a        player_id bigint not null,\u000a        updated_at timestamp(6),\u000a        player_status varchar(255) not null check (player_status in ('STARTER','SUBSTITUTE','ENTERED','NOT_PLAYED','INJURED','EXPELLED')),\u000a        position varchar(255),\u000a        primary key (id)\u000a    )
\u000a    create table players (\u000a        date_of_birth date not null,\u000a        id bigint not null,\u000a        team_id bigint not null,\u000a        last_name varchar(255) not null,\u000a        license_number varchar(255) not null unique,\u000a        primary key (id)\u000a    )
\u000a    create table standings (\u000a        goal_difference integer,\u000a        goals_against integer,\u000a        goals_for integer,\u000a        matches_drawn integer,\u000a        matches_lost integer,\u000a        matches_played integer,\u000a        matches_won integer,\u000a        points integer,\u000a        rank integer,\u000a        competition_id bigint not null,\u000a        id bigint generated by default as identity (start with 1),\u000a        team_id bigint not null,\u000a        updated_at timestamp(6),\u000a        primary key (id)\u000a    )
\u000a    create table teams (\u000a        coach_id bigint not null,\u000a        created_at timestamp(6),\u000a        id bigint generated by default as identity (start with 1),\u000a        updated_at timestamp(6),\u000a        category varchar(255) not null,\u000a        logo varchar(255),\u000a        name varchar(255) not null,\u000a        primary key (id)\u000a    )
\u000a    create table users (\u000a        created_at timestamp(6),\u000a        id bigint generated by default as identity (start with 1),\u000a        updated_at timestamp(6),\u000a        email varchar(255) not null unique,\u000a        first_name varchar(255) not null,\u000a        password varchar(255) not null,\u000a        phone_number varchar(255),\u000a        profile_picture varchar(255),\u000a        role varchar(255) not null,\u000a        sur_name varchar(255) not null,\u000a        user_name varchar(255),\u000a        primary key (id)\u000a    )
\u000a    alter table competition_teams \u000a       add constraint FKe7d44sqbvks0ksyek5s0hkwbb \u000a       foreign key (team_id) \u000a       references teams
\u000a    alter table competition_teams \u000a       add constraint FK3vr384amtk94uwh5y09qs72tx \u000a       foreign key (competition_id) \u000a       references competitions
\u000a    alter table competitions \u000a       add constraint FKgyg21c2jo1s32pybeb6xduox7 \u000a       foreign key (organizer_id) \u000a       references users
\u000a    alter table match_sheets \u000a       add constraint FKs424mpo83t87r4bqpno5sa1bj \u000a       foreign key (match_id) \u000a       references matches
\u000a    alter table matches \u000a       add constraint FK2e8erbfecb0tjtq9iudg36bxu \u000a       foreign key (away_team_id) \u000a       references teams
\u000a    alter table matches \u000a       add constraint FK2yx8g5hn2q4hfx6mi59o1fo0y \u000a       foreign key (competition_id) \u000a       references competitions
\u000a    alter table matches \u000a       add constraint FK8k68nekawp47js52dq8720voe \u000a       foreign key (home_team_id) \u000a       references teams
\u000a    alter table media \u000a       add constraint FKcs4djkcnc40n0j0xyv2jsqt7u \u000a       foreign key (competition_id) \u000a       references competitions
\u000a    alter table media \u000a       add constraint FKcaa44srlkgjpkyrdku4xbs4ge \u000a       foreign key (match_id) \u000a       references matches
\u000a    alter table media \u000a       add constraint FKtphggvts46illbyvh98xlb0fd \u000a       foreign key (uploaded_by) \u000a       references users
\u000a    alter table notifications \u000a       add constraint FK9y21adhxn0ayjhfocscqox7bh \u000a       foreign key (user_id) \u000a       references users
\u000a    alter table player_participations \u000a       add constraint FKb8mlur1fj9f83hmkhkwxwto86 \u000a       foreign key (match_sheet_id) \u000a       references match_sheets
\u000a    alter table player_participations \u000a       add constraint FK8yopq0735xwb4f6o072sqapsi \u000a       foreign key (player_id) \u000a       references players
\u000a    alter table players \u000a       add constraint FK5nglidr00c4dyybl171v6kask \u000a       foreign key (team_id) \u000a       references teams
\u000a    alter table players \u000a       add constraint FKew10bdm70xnwdi3dgm7ja23fk \u000a       foreign key (id) \u000a       references users
\u000a    alter table standings \u000a       add constraint FK1mk0ei56mpdisw4rnmvmdc6m5 \u000a       foreign key (competition_id) \u000a       references competitions
\u000a    alter table standings \u000a       add constraint FK6ak9f4ieqoq2bam5sjt9us7e \u000a       foreign key (team_id) \u000a       references teams
\u000a    alter table teams \u000a       add constraint FK960eiqvy6kth3pqmgrmrolfxw \u000a       foreign key (coach_id) \u000a       references users
INSERT INTO USERS VALUES('2025-04-02 16:43:30.415891',1,'2025-04-02 16:43:30.415918','organizer@example.com','John','$2a$10$SXplxKqE9sL0AlanwZFMxOAwI0uk0l0LI2ifEOneOWeQDkBnrB.Zq',NULL,NULL,'ORGANIZER','Doe',NULL)
COMMIT
INSERT INTO USERS VALUES('2025-04-02 16:43:30.483444',2,'2025-04-02 16:43:30.483455','coach@example.com','Alice','$2a$10$KTPgWUidv1QyfhUCzw0m5uZh5rCA6Q/H.wxBXCztfXehfL51CUF7y',NULL,NULL,'COACH','Smith',NULL)
COMMIT
INSERT INTO TEAMS VALUES(2,'2025-04-02 16:43:30.486258',1,'2025-04-02 16:43:30.486267','Juniors',NULL,'Team Alpha')
COMMIT
INSERT INTO TEAMS VALUES(2,'2025-04-02 16:43:30.488255',2,'2025-04-02 16:43:30.488262','Seniors',NULL,'Team Beta')
COMMIT
INSERT INTO COMPETITIONS VALUES('2025-04-16',16,'2025-04-05','2025-04-09','2025-04-02 16:43:30.489672',1,1,'2025-04-02 16:43:30.489676','UPCOMING','LEAGUE','Annual Spring Football Tournament','Stadium A','Spring Tournament')
INSERT INTO COMPETITION_TEAMS VALUES(1,1)
INSERT INTO COMPETITION_TEAMS VALUES(1,2)
COMMIT
INSERT INTO MATCHES VALUES(NULL,NULL,2,1,'2025-04-02 16:43:30.492636',1,1,'2025-04-10 16:43:30.492618','2025-04-02 16:43:30.492639','Stadium A - Field 1','SCHEDULED')
COMMIT
INSERT INTO MATCH_SHEETS VALUES(FALSE,'2025-04-02 16:43:30.494541',1,1,'2025-04-02 16:43:30.494557',NULL,'Standard 4-4-2')
COMMIT
\u000a    drop table if exists competition_teams cascade 
\u000a    drop table if exists competitions cascade 
\u000a    drop table if exists match_sheets cascade 
\u000a    drop table if exists matches cascade 
\u000a    drop table if exists media cascade 
\u000a    drop table if exists notifications cascade 
\u000a    drop table if exists player_participations cascade 
\u000a    drop table if exists players cascade 
\u000a    drop table if exists standings cascade 
\u000a    drop table if exists teams cascade 
\u000a    drop table if exists users cascade 
DISCONNECT
/*C34*/SET SCHEMA PUBLIC
DISCONNECT
/*C35*/SET SCHEMA PUBLIC
DISCONNECT
/*C36*/SET SCHEMA PUBLIC
DISCONNECT
/*C37*/SET SCHEMA PUBLIC
DISCONNECT
/*C38*/SET SCHEMA PUBLIC
DISCONNECT
/*C39*/SET SCHEMA PUBLIC
DISCONNECT
/*C40*/SET SCHEMA PUBLIC
DISCONNECT
/*C41*/SET SCHEMA PUBLIC
DISCONNECT
/*C42*/SET SCHEMA PUBLIC
DISCONNECT
/*C43*/SET SCHEMA PUBLIC
\u000a    drop table if exists competition_teams cascade 
\u000a    drop table if exists competitions cascade 
\u000a    drop table if exists match_sheets cascade 
\u000a    drop table if exists matches cascade 
\u000a    drop table if exists media cascade 
\u000a    drop table if exists notifications cascade 
\u000a    drop table if exists player_participations cascade 
\u000a    drop table if exists players cascade 
\u000a    drop table if exists standings cascade 
\u000a    drop table if exists teams cascade 
\u000a    drop table if exists users cascade 
\u000a    create table competition_teams (\u000a        competition_id bigint not null,\u000a        team_id bigint not null,\u000a        primary key (competition_id, team_id)\u000a    )
\u000a    create table competitions (\u000a        end_date date not null,\u000a        max_teams integer,\u000a        registration_deadline date,\u000a        start_date date not null,\u000a        created_at timestamp(6),\u000a        id bigint generated by default as identity (start with 1),\u000a        organizer_id bigint not null,\u000a        updated_at timestamp(6),\u000a        competition_status varchar(255) not null check (competition_status in ('UPCOMING','REGISTRATION','ONGOING','COMPLETED','CANCELLED')),\u000a        competition_type varchar(255) not null check (competition_type in ('LEAGUE','TOURNAMENT','CUP')),\u000a        description varchar(255) not null,\u000a        location varchar(255) not null,\u000a        name varchar(255) not null,\u000a        primary key (id)\u000a    )
\u000a    create table match_sheets (\u000a        is_validated boolean,\u000a        created_at timestamp(6),\u000a        id bigint generated by default as identity (start with 1),\u000a        match_id bigint not null unique,\u000a        updated_at timestamp(6),\u000a        validation_date timestamp(6),\u000a        strategy varchar(255),\u000a        primary key (id)\u000a    )
\u000a    create table matches (\u000a        away_score integer,\u000a        home_score integer,\u000a        away_team_id bigint not null,\u000a        competition_id bigint not null,\u000a        created_at timestamp(6),\u000a        home_team_id bigint not null,\u000a        id bigint generated by default as identity (start with 1),\u000a        match_date timestamp(6) not null,\u000a        updated_at timestamp(6),\u000a        location varchar(255),\u000a        match_status varchar(255) not null check (match_status in ('SCHEDULED','ONGOING','COMPLETED','POSTPONED','CANCELLED')),\u000a        primary key (id)\u000a    )
\u000a    create table media (\u000a        competition_id bigint,\u000a        created_at timestamp(6),\u000a        id bigint generated by default as identity (start with 1),\u000a        match_id bigint,\u000a        uploaded_by bigint not null,\u000a        media_type varchar(255) not null check (media_type in ('PHOTO','VIDEO','DOCUMENT')),\u000a        title varchar(255) not null,\u000a        url varchar(255) not null,\u000a        primary key (id)\u000a    )
\u000a    create table notifications (\u000a        is_read boolean,\u000a        created_at timestamp(6),\u000a        id bigint generated by default as identity (start with 1),\u000a        user_id bigint not null,\u000a        message varchar(255) not null,\u000a        notification_type varchar(255) not null check (notification_type in ('COMPETITION_REGISTRATION','MATCH_REMINDER','RESULT_UPDATE','SYSTEM_MESSAGE')),\u000a        title varchar(255) not null,\u000a        primary key (id)\u000a    )
\u000a    create table player_participations (\u000a        goals_scored integer,\u000a        minutes_played integer,\u000a        red_cards integer,\u000a        shirt_number integer,\u000a        substitution_in_time integer,\u000a        substitution_out_time integer,\u000a        yellow_cards integer,\u000a        created_at timestamp(6),\u000a        id bigint generated by default as identity (start with 1),\u000a        match_sheet_id bigint not null,\u000a        player_id bigint not null,\u000a        updated_at timestamp(6),\u000a        player_status varchar(255) not null check (player_status in ('STARTER','SUBSTITUTE','ENTERED','NOT_PLAYED','INJURED','EXPELLED')),\u000a        position varchar(255),\u000a        primary key (id)\u000a    )
\u000a    create table players (\u000a        date_of_birth date not null,\u000a        id bigint not null,\u000a        team_id bigint not null,\u000a        last_name varchar(255) not null,\u000a        license_number varchar(255) not null unique,\u000a        primary key (id)\u000a    )
\u000a    create table standings (\u000a        goal_difference integer,\u000a        goals_against integer,\u000a        goals_for integer,\u000a        matches_drawn integer,\u000a        matches_lost integer,\u000a        matches_played integer,\u000a        matches_won integer,\u000a        points integer,\u000a        rank integer,\u000a        competition_id bigint not null,\u000a        id bigint generated by default as identity (start with 1),\u000a        team_id bigint not null,\u000a        updated_at timestamp(6),\u000a        primary key (id)\u000a    )
\u000a    create table teams (\u000a        coach_id bigint not null,\u000a        created_at timestamp(6),\u000a        id bigint generated by default as identity (start with 1),\u000a        updated_at timestamp(6),\u000a        category varchar(255) not null,\u000a        logo varchar(255),\u000a        name varchar(255) not null,\u000a        primary key (id)\u000a    )
\u000a    create table users (\u000a        created_at timestamp(6),\u000a        id bigint generated by default as identity (start with 1),\u000a        updated_at timestamp(6),\u000a        email varchar(255) not null unique,\u000a        first_name varchar(255) not null,\u000a        password varchar(255) not null,\u000a        phone_number varchar(255),\u000a        profile_picture varchar(255),\u000a        role varchar(255) not null,\u000a        sur_name varchar(255) not null,\u000a        user_name varchar(255),\u000a        primary key (id)\u000a    )
\u000a    alter table competition_teams \u000a       add constraint FKe7d44sqbvks0ksyek5s0hkwbb \u000a       foreign key (team_id) \u000a       references teams
\u000a    alter table competition_teams \u000a       add constraint FK3vr384amtk94uwh5y09qs72tx \u000a       foreign key (competition_id) \u000a       references competitions
\u000a    alter table competitions \u000a       add constraint FKgyg21c2jo1s32pybeb6xduox7 \u000a       foreign key (organizer_id) \u000a       references users
\u000a    alter table match_sheets \u000a       add constraint FKs424mpo83t87r4bqpno5sa1bj \u000a       foreign key (match_id) \u000a       references matches
\u000a    alter table matches \u000a       add constraint FK2e8erbfecb0tjtq9iudg36bxu \u000a       foreign key (away_team_id) \u000a       references teams
\u000a    alter table matches \u000a       add constraint FK2yx8g5hn2q4hfx6mi59o1fo0y \u000a       foreign key (competition_id) \u000a       references competitions
\u000a    alter table matches \u000a       add constraint FK8k68nekawp47js52dq8720voe \u000a       foreign key (home_team_id) \u000a       references teams
\u000a    alter table media \u000a       add constraint FKcs4djkcnc40n0j0xyv2jsqt7u \u000a       foreign key (competition_id) \u000a       references competitions
\u000a    alter table media \u000a       add constraint FKcaa44srlkgjpkyrdku4xbs4ge \u000a       foreign key (match_id) \u000a       references matches
\u000a    alter table media \u000a       add constraint FKtphggvts46illbyvh98xlb0fd \u000a       foreign key (uploaded_by) \u000a       references users
\u000a    alter table notifications \u000a       add constraint FK9y21adhxn0ayjhfocscqox7bh \u000a       foreign key (user_id) \u000a       references users
\u000a    alter table player_participations \u000a       add constraint FKb8mlur1fj9f83hmkhkwxwto86 \u000a       foreign key (match_sheet_id) \u000a       references match_sheets
\u000a    alter table player_participations \u000a       add constraint FK8yopq0735xwb4f6o072sqapsi \u000a       foreign key (player_id) \u000a       references players
\u000a    alter table players \u000a       add constraint FK5nglidr00c4dyybl171v6kask \u000a       foreign key (team_id) \u000a       references teams
\u000a    alter table players \u000a       add constraint FKew10bdm70xnwdi3dgm7ja23fk \u000a       foreign key (id) \u000a       references users
\u000a    alter table standings \u000a       add constraint FK1mk0ei56mpdisw4rnmvmdc6m5 \u000a       foreign key (competition_id) \u000a       references competitions
\u000a    alter table standings \u000a       add constraint FK6ak9f4ieqoq2bam5sjt9us7e \u000a       foreign key (team_id) \u000a       references teams
\u000a    alter table teams \u000a       add constraint FK960eiqvy6kth3pqmgrmrolfxw \u000a       foreign key (coach_id) \u000a       references users
INSERT INTO USERS VALUES('2025-04-02 16:43:33.075182',1,'2025-04-02 16:43:33.075196','organizer@example.com','John','$2a$10$.iOowGXkBY0RXommAktf.ewjDsqluQtCCFpsoKvLETgdW4t98NeiK',NULL,NULL,'ORGANIZER','Doe',NULL)
COMMIT
INSERT INTO USERS VALUES('2025-04-02 16:43:33.142239',2,'2025-04-02 16:43:33.142249','coach@example.com','Alice','$2a$10$3gKwQE0X8uTVX3w6Nf2bz.OgyADdDb8g6/NbQzxHWBOxpWkM/JzNu',NULL,NULL,'COACH','Smith',NULL)
COMMIT
INSERT INTO TEAMS VALUES(2,'2025-04-02 16:43:33.144908',1,'2025-04-02 16:43:33.144917','Juniors',NULL,'Team Alpha')
COMMIT
INSERT INTO TEAMS VALUES(2,'2025-04-02 16:43:33.147122',2,'2025-04-02 16:43:33.147128','Seniors',NULL,'Team Beta')
COMMIT
INSERT INTO COMPETITIONS VALUES('2025-04-16',16,'2025-04-05','2025-04-09','2025-04-02 16:43:33.149424',1,1,'2025-04-02 16:43:33.149426','UPCOMING','LEAGUE','Annual Spring Football Tournament','Stadium A','Spring Tournament')
INSERT INTO COMPETITION_TEAMS VALUES(1,1)
INSERT INTO COMPETITION_TEAMS VALUES(1,2)
COMMIT
INSERT INTO MATCHES VALUES(NULL,NULL,2,1,'2025-04-02 16:43:33.152196',1,1,'2025-04-10 16:43:33.152177','2025-04-02 16:43:33.152199','Stadium A - Field 1','SCHEDULED')
COMMIT
INSERT INTO MATCH_SHEETS VALUES(FALSE,'2025-04-02 16:43:33.153706',1,1,'2025-04-02 16:43:33.153712',NULL,'Standard 4-4-2')
COMMIT
\u000a    drop table if exists competition_teams cascade 
\u000a    drop table if exists competitions cascade 
\u000a    drop table if exists match_sheets cascade 
\u000a    drop table if exists matches cascade 
\u000a    drop table if exists media cascade 
\u000a    drop table if exists notifications cascade 
\u000a    drop table if exists player_participations cascade 
\u000a    drop table if exists players cascade 
\u000a    drop table if exists standings cascade 
\u000a    drop table if exists teams cascade 
\u000a    drop table if exists users cascade 
DISCONNECT
/*C44*/SET SCHEMA PUBLIC
DISCONNECT
/*C45*/SET SCHEMA PUBLIC
DISCONNECT
/*C46*/SET SCHEMA PUBLIC
DISCONNECT
/*C47*/SET SCHEMA PUBLIC
DISCONNECT
/*C48*/SET SCHEMA PUBLIC
DISCONNECT
/*C49*/SET SCHEMA PUBLIC
DISCONNECT
/*C50*/SET SCHEMA PUBLIC
DISCONNECT
/*C51*/SET SCHEMA PUBLIC
DISCONNECT
/*C52*/SET SCHEMA PUBLIC
DISCONNECT
/*C53*/SET SCHEMA PUBLIC
\u000a    drop table if exists competition_teams cascade 
\u000a    drop table if exists competitions cascade 
\u000a    drop table if exists match_sheets cascade 
\u000a    drop table if exists matches cascade 
\u000a    drop table if exists media cascade 
\u000a    drop table if exists notifications cascade 
\u000a    drop table if exists player_participations cascade 
\u000a    drop table if exists players cascade 
\u000a    drop table if exists standings cascade 
\u000a    drop table if exists teams cascade 
\u000a    drop table if exists users cascade 
\u000a    create table competition_teams (\u000a        competition_id bigint not null,\u000a        team_id bigint not null,\u000a        primary key (competition_id, team_id)\u000a    )
\u000a    create table competitions (\u000a        end_date date not null,\u000a        max_teams integer,\u000a        registration_deadline date,\u000a        start_date date not null,\u000a        created_at timestamp(6),\u000a        id bigint generated by default as identity (start with 1),\u000a        organizer_id bigint not null,\u000a        updated_at timestamp(6),\u000a        competition_status varchar(255) not null check (competition_status in ('UPCOMING','REGISTRATION','ONGOING','COMPLETED','CANCELLED')),\u000a        competition_type varchar(255) not null check (competition_type in ('LEAGUE','TOURNAMENT','CUP')),\u000a        description varchar(255) not null,\u000a        location varchar(255) not null,\u000a        name varchar(255) not null,\u000a        primary key (id)\u000a    )
\u000a    create table match_sheets (\u000a        is_validated boolean,\u000a        created_at timestamp(6),\u000a        id bigint generated by default as identity (start with 1),\u000a        match_id bigint not null unique,\u000a        updated_at timestamp(6),\u000a        validation_date timestamp(6),\u000a        strategy varchar(255),\u000a        primary key (id)\u000a    )
\u000a    create table matches (\u000a        away_score integer,\u000a        home_score integer,\u000a        away_team_id bigint not null,\u000a        competition_id bigint not null,\u000a        created_at timestamp(6),\u000a        home_team_id bigint not null,\u000a        id bigint generated by default as identity (start with 1),\u000a        match_date timestamp(6) not null,\u000a        updated_at timestamp(6),\u000a        location varchar(255),\u000a        match_status varchar(255) not null check (match_status in ('SCHEDULED','ONGOING','COMPLETED','POSTPONED','CANCELLED')),\u000a        primary key (id)\u000a    )
\u000a    create table media (\u000a        competition_id bigint,\u000a        created_at timestamp(6),\u000a        id bigint generated by default as identity (start with 1),\u000a        match_id bigint,\u000a        uploaded_by bigint not null,\u000a        media_type varchar(255) not null check (media_type in ('PHOTO','VIDEO','DOCUMENT')),\u000a        title varchar(255) not null,\u000a        url varchar(255) not null,\u000a        primary key (id)\u000a    )
\u000a    create table notifications (\u000a        is_read boolean,\u000a        created_at timestamp(6),\u000a        id bigint generated by default as identity (start with 1),\u000a        user_id bigint not null,\u000a        message varchar(255) not null,\u000a        notification_type varchar(255) not null check (notification_type in ('COMPETITION_REGISTRATION','MATCH_REMINDER','RESULT_UPDATE','SYSTEM_MESSAGE')),\u000a        title varchar(255) not null,\u000a        primary key (id)\u000a    )
\u000a    create table player_participations (\u000a        goals_scored integer,\u000a        minutes_played integer,\u000a        red_cards integer,\u000a        shirt_number integer,\u000a        substitution_in_time integer,\u000a        substitution_out_time integer,\u000a        yellow_cards integer,\u000a        created_at timestamp(6),\u000a        id bigint generated by default as identity (start with 1),\u000a        match_sheet_id bigint not null,\u000a        player_id bigint not null,\u000a        updated_at timestamp(6),\u000a        player_status varchar(255) not null check (player_status in ('STARTER','SUBSTITUTE','ENTERED','NOT_PLAYED','INJURED','EXPELLED')),\u000a        position varchar(255),\u000a        primary key (id)\u000a    )
\u000a    create table players (\u000a        date_of_birth date not null,\u000a        id bigint not null,\u000a        team_id bigint not null,\u000a        last_name varchar(255) not null,\u000a        license_number varchar(255) not null unique,\u000a        primary key (id)\u000a    )
\u000a    create table standings (\u000a        goal_difference integer,\u000a        goals_against integer,\u000a        goals_for integer,\u000a        matches_drawn integer,\u000a        matches_lost integer,\u000a        matches_played integer,\u000a        matches_won integer,\u000a        points integer,\u000a        rank integer,\u000a        competition_id bigint not null,\u000a        id bigint generated by default as identity (start with 1),\u000a        team_id bigint not null,\u000a        updated_at timestamp(6),\u000a        primary key (id)\u000a    )
\u000a    create table teams (\u000a        coach_id bigint not null,\u000a        created_at timestamp(6),\u000a        id bigint generated by default as identity (start with 1),\u000a        updated_at timestamp(6),\u000a        category varchar(255) not null,\u000a        logo varchar(255),\u000a        name varchar(255) not null,\u000a        primary key (id)\u000a    )
\u000a    create table users (\u000a        created_at timestamp(6),\u000a        id bigint generated by default as identity (start with 1),\u000a        updated_at timestamp(6),\u000a        email varchar(255) not null unique,\u000a        first_name varchar(255) not null,\u000a        password varchar(255) not null,\u000a        phone_number varchar(255),\u000a        profile_picture varchar(255),\u000a        role varchar(255) not null,\u000a        sur_name varchar(255) not null,\u000a        user_name varchar(255),\u000a        primary key (id)\u000a    )
\u000a    alter table competition_teams \u000a       add constraint FKe7d44sqbvks0ksyek5s0hkwbb \u000a       foreign key (team_id) \u000a       references teams
\u000a    alter table competition_teams \u000a       add constraint FK3vr384amtk94uwh5y09qs72tx \u000a       foreign key (competition_id) \u000a       references competitions
\u000a    alter table competitions \u000a       add constraint FKgyg21c2jo1s32pybeb6xduox7 \u000a       foreign key (organizer_id) \u000a       references users
\u000a    alter table match_sheets \u000a       add constraint FKs424mpo83t87r4bqpno5sa1bj \u000a       foreign key (match_id) \u000a       references matches
\u000a    alter table matches \u000a       add constraint FK2e8erbfecb0tjtq9iudg36bxu \u000a       foreign key (away_team_id) \u000a       references teams
\u000a    alter table matches \u000a       add constraint FK2yx8g5hn2q4hfx6mi59o1fo0y \u000a       foreign key (competition_id) \u000a       references competitions
\u000a    alter table matches \u000a       add constraint FK8k68nekawp47js52dq8720voe \u000a       foreign key (home_team_id) \u000a       references teams
\u000a    alter table media \u000a       add constraint FKcs4djkcnc40n0j0xyv2jsqt7u \u000a       foreign key (competition_id) \u000a       references competitions
\u000a    alter table media \u000a       add constraint FKcaa44srlkgjpkyrdku4xbs4ge \u000a       foreign key (match_id) \u000a       references matches
\u000a    alter table media \u000a       add constraint FKtphggvts46illbyvh98xlb0fd \u000a       foreign key (uploaded_by) \u000a       references users
\u000a    alter table notifications \u000a       add constraint FK9y21adhxn0ayjhfocscqox7bh \u000a       foreign key (user_id) \u000a       references users
\u000a    alter table player_participations \u000a       add constraint FKb8mlur1fj9f83hmkhkwxwto86 \u000a       foreign key (match_sheet_id) \u000a       references match_sheets
\u000a    alter table player_participations \u000a       add constraint FK8yopq0735xwb4f6o072sqapsi \u000a       foreign key (player_id) \u000a       references players
\u000a    alter table players \u000a       add constraint FK5nglidr00c4dyybl171v6kask \u000a       foreign key (team_id) \u000a       references teams
\u000a    alter table players \u000a       add constraint FKew10bdm70xnwdi3dgm7ja23fk \u000a       foreign key (id) \u000a       references users
\u000a    alter table standings \u000a       add constraint FK1mk0ei56mpdisw4rnmvmdc6m5 \u000a       foreign key (competition_id) \u000a       references competitions
\u000a    alter table standings \u000a       add constraint FK6ak9f4ieqoq2bam5sjt9us7e \u000a       foreign key (team_id) \u000a       references teams
\u000a    alter table teams \u000a       add constraint FK960eiqvy6kth3pqmgrmrolfxw \u000a       foreign key (coach_id) \u000a       references users
\u000a    drop table if exists competition_teams cascade 
\u000a    drop table if exists competitions cascade 
\u000a    drop table if exists match_sheets cascade 
\u000a    drop table if exists matches cascade 
\u000a    drop table if exists media cascade 
\u000a    drop table if exists notifications cascade 
\u000a    drop table if exists player_participations cascade 
\u000a    drop table if exists players cascade 
\u000a    drop table if exists standings cascade 
\u000a    drop table if exists teams cascade 
\u000a    drop table if exists users cascade 
DISCONNECT
/*C54*/SET SCHEMA PUBLIC
DISCONNECT
/*C55*/SET SCHEMA PUBLIC
\u000a    drop table if exists competition_teams cascade 
\u000a    drop table if exists competitions cascade 
\u000a    drop table if exists match_sheets cascade 
\u000a    drop table if exists matches cascade 
\u000a    drop table if exists media cascade 
\u000a    drop table if exists notifications cascade 
\u000a    drop table if exists player_participations cascade 
\u000a    drop table if exists players cascade 
\u000a    drop table if exists standings cascade 
\u000a    drop table if exists teams cascade 
\u000a    drop table if exists users cascade 
\u000a    create table competition_teams (\u000a        competition_id bigint not null,\u000a        team_id bigint not null,\u000a        primary key (competition_id, team_id)\u000a    )
\u000a    create table competitions (\u000a        end_date date not null,\u000a        max_teams integer,\u000a        registration_deadline date,\u000a        start_date date not null,\u000a        created_at timestamp(6),\u000a        id bigint generated by default as identity (start with 1),\u000a        organizer_id bigint not null,\u000a        updated_at timestamp(6),\u000a        competition_status varchar(255) not null check (competition_status in ('UPCOMING','REGISTRATION','ONGOING','COMPLETED','CANCELLED')),\u000a        competition_type varchar(255) not null check (competition_type in ('LEAGUE','TOURNAMENT','CUP')),\u000a        description varchar(255) not null,\u000a        location varchar(255) not null,\u000a        name varchar(255) not null,\u000a        primary key (id)\u000a    )
\u000a    create table match_sheets (\u000a        is_validated boolean,\u000a        created_at timestamp(6),\u000a        id bigint generated by default as identity (start with 1),\u000a        match_id bigint not null unique,\u000a        updated_at timestamp(6),\u000a        validation_date timestamp(6),\u000a        strategy varchar(255),\u000a        primary key (id)\u000a    )
\u000a    create table matches (\u000a        away_score integer,\u000a        home_score integer,\u000a        away_team_id bigint not null,\u000a        competition_id bigint not null,\u000a        created_at timestamp(6),\u000a        home_team_id bigint not null,\u000a        id bigint generated by default as identity (start with 1),\u000a        match_date timestamp(6) not null,\u000a        updated_at timestamp(6),\u000a        location varchar(255),\u000a        match_status varchar(255) not null check (match_status in ('SCHEDULED','ONGOING','COMPLETED','POSTPONED','CANCELLED')),\u000a        primary key (id)\u000a    )
\u000a    create table media (\u000a        competition_id bigint,\u000a        created_at timestamp(6),\u000a        id bigint generated by default as identity (start with 1),\u000a        match_id bigint,\u000a        uploaded_by bigint not null,\u000a        media_type varchar(255) not null check (media_type in ('PHOTO','VIDEO','DOCUMENT')),\u000a        title varchar(255) not null,\u000a        url varchar(255) not null,\u000a        primary key (id)\u000a    )
\u000a    create table notifications (\u000a        is_read boolean,\u000a        created_at timestamp(6),\u000a        id bigint generated by default as identity (start with 1),\u000a        user_id bigint not null,\u000a        message varchar(255) not null,\u000a        notification_type varchar(255) not null check (notification_type in ('COMPETITION_REGISTRATION','MATCH_REMINDER','RESULT_UPDATE','SYSTEM_MESSAGE')),\u000a        title varchar(255) not null,\u000a        primary key (id)\u000a    )
\u000a    create table player_participations (\u000a        goals_scored integer,\u000a        minutes_played integer,\u000a        red_cards integer,\u000a        shirt_number integer,\u000a        substitution_in_time integer,\u000a        substitution_out_time integer,\u000a        yellow_cards integer,\u000a        created_at timestamp(6),\u000a        id bigint generated by default as identity (start with 1),\u000a        match_sheet_id bigint not null,\u000a        player_id bigint not null,\u000a        updated_at timestamp(6),\u000a        player_status varchar(255) not null check (player_status in ('STARTER','SUBSTITUTE','ENTERED','NOT_PLAYED','INJURED','EXPELLED')),\u000a        position varchar(255),\u000a        primary key (id)\u000a    )
\u000a    create table players (\u000a        date_of_birth date not null,\u000a        id bigint not null,\u000a        team_id bigint not null,\u000a        last_name varchar(255) not null,\u000a        license_number varchar(255) not null unique,\u000a        primary key (id)\u000a    )
\u000a    create table standings (\u000a        goal_difference integer,\u000a        goals_against integer,\u000a        goals_for integer,\u000a        matches_drawn integer,\u000a        matches_lost integer,\u000a        matches_played integer,\u000a        matches_won integer,\u000a        points integer,\u000a        rank integer,\u000a        competition_id bigint not null,\u000a        id bigint generated by default as identity (start with 1),\u000a        team_id bigint not null,\u000a        updated_at timestamp(6),\u000a        primary key (id)\u000a    )
\u000a    create table teams (\u000a        coach_id bigint not null,\u000a        created_at timestamp(6),\u000a        id bigint generated by default as identity (start with 1),\u000a        updated_at timestamp(6),\u000a        category varchar(255) not null,\u000a        logo varchar(255),\u000a        name varchar(255) not null,\u000a        primary key (id)\u000a    )
\u000a    create table users (\u000a        created_at timestamp(6),\u000a        id bigint generated by default as identity (start with 1),\u000a        updated_at timestamp(6),\u000a        email varchar(255) not null unique,\u000a        first_name varchar(255) not null,\u000a        password varchar(255) not null,\u000a        phone_number varchar(255),\u000a        profile_picture varchar(255),\u000a        role varchar(255) not null,\u000a        sur_name varchar(255) not null,\u000a        user_name varchar(255),\u000a        primary key (id)\u000a    )
\u000a    alter table competition_teams \u000a       add constraint FKe7d44sqbvks0ksyek5s0hkwbb \u000a       foreign key (team_id) \u000a       references teams
\u000a    alter table competition_teams \u000a       add constraint FK3vr384amtk94uwh5y09qs72tx \u000a       foreign key (competition_id) \u000a       references competitions
\u000a    alter table competitions \u000a       add constraint FKgyg21c2jo1s32pybeb6xduox7 \u000a       foreign key (organizer_id) \u000a       references users
\u000a    alter table match_sheets \u000a       add constraint FKs424mpo83t87r4bqpno5sa1bj \u000a       foreign key (match_id) \u000a       references matches
\u000a    alter table matches \u000a       add constraint FK2e8erbfecb0tjtq9iudg36bxu \u000a       foreign key (away_team_id) \u000a       references teams
\u000a    alter table matches \u000a       add constraint FK2yx8g5hn2q4hfx6mi59o1fo0y \u000a       foreign key (competition_id) \u000a       references competitions
\u000a    alter table matches \u000a       add constraint FK8k68nekawp47js52dq8720voe \u000a       foreign key (home_team_id) \u000a       references teams
\u000a    alter table media \u000a       add constraint FKcs4djkcnc40n0j0xyv2jsqt7u \u000a       foreign key (competition_id) \u000a       references competitions
\u000a    alter table media \u000a       add constraint FKcaa44srlkgjpkyrdku4xbs4ge \u000a       foreign key (match_id) \u000a       references matches
\u000a    alter table media \u000a       add constraint FKtphggvts46illbyvh98xlb0fd \u000a       foreign key (uploaded_by) \u000a       references users
\u000a    alter table notifications \u000a       add constraint FK9y21adhxn0ayjhfocscqox7bh \u000a       foreign key (user_id) \u000a       references users
\u000a    alter table player_participations \u000a       add constraint FKb8mlur1fj9f83hmkhkwxwto86 \u000a       foreign key (match_sheet_id) \u000a       references match_sheets
\u000a    alter table player_participations \u000a       add constraint FK8yopq0735xwb4f6o072sqapsi \u000a       foreign key (player_id) \u000a       references players
\u000a    alter table players \u000a       add constraint FK5nglidr00c4dyybl171v6kask \u000a       foreign key (team_id) \u000a       references teams
\u000a    alter table players \u000a       add constraint FKew10bdm70xnwdi3dgm7ja23fk \u000a       foreign key (id) \u000a       references users
\u000a    alter table standings \u000a       add constraint FK1mk0ei56mpdisw4rnmvmdc6m5 \u000a       foreign key (competition_id) \u000a       references competitions
\u000a    alter table standings \u000a       add constraint FK6ak9f4ieqoq2bam5sjt9us7e \u000a       foreign key (team_id) \u000a       references teams
\u000a    alter table teams \u000a       add constraint FK960eiqvy6kth3pqmgrmrolfxw \u000a       foreign key (coach_id) \u000a       references users
\u000a    drop table if exists competition_teams cascade 
\u000a    drop table if exists competitions cascade 
\u000a    drop table if exists match_sheets cascade 
\u000a    drop table if exists matches cascade 
\u000a    drop table if exists media cascade 
\u000a    drop table if exists notifications cascade 
\u000a    drop table if exists player_participations cascade 
\u000a    drop table if exists players cascade 
\u000a    drop table if exists standings cascade 
\u000a    drop table if exists teams cascade 
\u000a    drop table if exists users cascade 
DISCONNECT
/*C56*/SET SCHEMA PUBLIC
DISCONNECT
/*C57*/SET SCHEMA PUBLIC
DISCONNECT
/*C58*/SET SCHEMA PUBLIC
DISCONNECT
/*C59*/SET SCHEMA PUBLIC
DISCONNECT
/*C60*/SET SCHEMA PUBLIC
DISCONNECT
/*C61*/SET SCHEMA PUBLIC
DISCONNECT
/*C62*/SET SCHEMA PUBLIC
DISCONNECT
/*C63*/SET SCHEMA PUBLIC
DISCONNECT
/*C64*/SET SCHEMA PUBLIC
DISCONNECT
/*C65*/SET SCHEMA PUBLIC
\u000a    drop table if exists competition_teams cascade 
\u000a    drop table if exists competitions cascade 
\u000a    drop table if exists match_sheets cascade 
\u000a    drop table if exists matches cascade 
\u000a    drop table if exists media cascade 
\u000a    drop table if exists notifications cascade 
\u000a    drop table if exists player_participations cascade 
\u000a    drop table if exists players cascade 
\u000a    drop table if exists standings cascade 
\u000a    drop table if exists teams cascade 
\u000a    drop table if exists users cascade 
\u000a    create table competition_teams (\u000a        competition_id bigint not null,\u000a        team_id bigint not null,\u000a        primary key (competition_id, team_id)\u000a    )
\u000a    create table competitions (\u000a        end_date date not null,\u000a        max_teams integer,\u000a        registration_deadline date,\u000a        start_date date not null,\u000a        created_at timestamp(6),\u000a        id bigint generated by default as identity (start with 1),\u000a        organizer_id bigint not null,\u000a        updated_at timestamp(6),\u000a        competition_status varchar(255) not null check (competition_status in ('UPCOMING','REGISTRATION','ONGOING','COMPLETED','CANCELLED')),\u000a        competition_type varchar(255) not null check (competition_type in ('LEAGUE','TOURNAMENT','CUP')),\u000a        description varchar(255) not null,\u000a        location varchar(255) not null,\u000a        name varchar(255) not null,\u000a        primary key (id)\u000a    )
\u000a    create table match_sheets (\u000a        is_validated boolean,\u000a        created_at timestamp(6),\u000a        id bigint generated by default as identity (start with 1),\u000a        match_id bigint not null unique,\u000a        updated_at timestamp(6),\u000a        validation_date timestamp(6),\u000a        strategy varchar(255),\u000a        primary key (id)\u000a    )
\u000a    create table matches (\u000a        away_score integer,\u000a        home_score integer,\u000a        away_team_id bigint not null,\u000a        competition_id bigint not null,\u000a        created_at timestamp(6),\u000a        home_team_id bigint not null,\u000a        id bigint generated by default as identity (start with 1),\u000a        match_date timestamp(6) not null,\u000a        updated_at timestamp(6),\u000a        location varchar(255),\u000a        match_status varchar(255) not null check (match_status in ('SCHEDULED','ONGOING','COMPLETED','POSTPONED','CANCELLED')),\u000a        primary key (id)\u000a    )
\u000a    create table media (\u000a        competition_id bigint,\u000a        created_at timestamp(6),\u000a        id bigint generated by default as identity (start with 1),\u000a        match_id bigint,\u000a        uploaded_by bigint not null,\u000a        media_type varchar(255) not null check (media_type in ('PHOTO','VIDEO','DOCUMENT')),\u000a        title varchar(255) not null,\u000a        url varchar(255) not null,\u000a        primary key (id)\u000a    )
\u000a    create table notifications (\u000a        is_read boolean,\u000a        created_at timestamp(6),\u000a        id bigint generated by default as identity (start with 1),\u000a        user_id bigint not null,\u000a        message varchar(255) not null,\u000a        notification_type varchar(255) not null check (notification_type in ('COMPETITION_REGISTRATION','MATCH_REMINDER','RESULT_UPDATE','SYSTEM_MESSAGE')),\u000a        title varchar(255) not null,\u000a        primary key (id)\u000a    )
\u000a    create table player_participations (\u000a        goals_scored integer,\u000a        minutes_played integer,\u000a        red_cards integer,\u000a        shirt_number integer,\u000a        substitution_in_time integer,\u000a        substitution_out_time integer,\u000a        yellow_cards integer,\u000a        created_at timestamp(6),\u000a        id bigint generated by default as identity (start with 1),\u000a        match_sheet_id bigint not null,\u000a        player_id bigint not null,\u000a        updated_at timestamp(6),\u000a        player_status varchar(255) not null check (player_status in ('STARTER','SUBSTITUTE','ENTERED','NOT_PLAYED','INJURED','EXPELLED')),\u000a        position varchar(255),\u000a        primary key (id)\u000a    )
\u000a    create table players (\u000a        date_of_birth date not null,\u000a        id bigint not null,\u000a        team_id bigint not null,\u000a        last_name varchar(255) not null,\u000a        license_number varchar(255) not null unique,\u000a        primary key (id)\u000a    )
\u000a    create table standings (\u000a        goal_difference integer,\u000a        goals_against integer,\u000a        goals_for integer,\u000a        matches_drawn integer,\u000a        matches_lost integer,\u000a        matches_played integer,\u000a        matches_won integer,\u000a        points integer,\u000a        rank integer,\u000a        competition_id bigint not null,\u000a        id bigint generated by default as identity (start with 1),\u000a        team_id bigint not null,\u000a        updated_at timestamp(6),\u000a        primary key (id)\u000a    )
\u000a    create table teams (\u000a        coach_id bigint not null,\u000a        created_at timestamp(6),\u000a        id bigint generated by default as identity (start with 1),\u000a        updated_at timestamp(6),\u000a        category varchar(255) not null,\u000a        logo varchar(255),\u000a        name varchar(255) not null,\u000a        primary key (id)\u000a    )
\u000a    create table users (\u000a        created_at timestamp(6),\u000a        id bigint generated by default as identity (start with 1),\u000a        updated_at timestamp(6),\u000a        email varchar(255) not null unique,\u000a        first_name varchar(255) not null,\u000a        password varchar(255) not null,\u000a        phone_number varchar(255),\u000a        profile_picture varchar(255),\u000a        role varchar(255) not null,\u000a        sur_name varchar(255) not null,\u000a        user_name varchar(255),\u000a        primary key (id)\u000a    )
\u000a    alter table competition_teams \u000a       add constraint FKe7d44sqbvks0ksyek5s0hkwbb \u000a       foreign key (team_id) \u000a       references teams
\u000a    alter table competition_teams \u000a       add constraint FK3vr384amtk94uwh5y09qs72tx \u000a       foreign key (competition_id) \u000a       references competitions
\u000a    alter table competitions \u000a       add constraint FKgyg21c2jo1s32pybeb6xduox7 \u000a       foreign key (organizer_id) \u000a       references users
\u000a    alter table match_sheets \u000a       add constraint FKs424mpo83t87r4bqpno5sa1bj \u000a       foreign key (match_id) \u000a       references matches
\u000a    alter table matches \u000a       add constraint FK2e8erbfecb0tjtq9iudg36bxu \u000a       foreign key (away_team_id) \u000a       references teams
\u000a    alter table matches \u000a       add constraint FK2yx8g5hn2q4hfx6mi59o1fo0y \u000a       foreign key (competition_id) \u000a       references competitions
\u000a    alter table matches \u000a       add constraint FK8k68nekawp47js52dq8720voe \u000a       foreign key (home_team_id) \u000a       references teams
\u000a    alter table media \u000a       add constraint FKcs4djkcnc40n0j0xyv2jsqt7u \u000a       foreign key (competition_id) \u000a       references competitions
\u000a    alter table media \u000a       add constraint FKcaa44srlkgjpkyrdku4xbs4ge \u000a       foreign key (match_id) \u000a       references matches
\u000a    alter table media \u000a       add constraint FKtphggvts46illbyvh98xlb0fd \u000a       foreign key (uploaded_by) \u000a       references users
\u000a    alter table notifications \u000a       add constraint FK9y21adhxn0ayjhfocscqox7bh \u000a       foreign key (user_id) \u000a       references users
\u000a    alter table player_participations \u000a       add constraint FKb8mlur1fj9f83hmkhkwxwto86 \u000a       foreign key (match_sheet_id) \u000a       references match_sheets
\u000a    alter table player_participations \u000a       add constraint FK8yopq0735xwb4f6o072sqapsi \u000a       foreign key (player_id) \u000a       references players
\u000a    alter table players \u000a       add constraint FK5nglidr00c4dyybl171v6kask \u000a       foreign key (team_id) \u000a       references teams
\u000a    alter table players \u000a       add constraint FKew10bdm70xnwdi3dgm7ja23fk \u000a       foreign key (id) \u000a       references users
\u000a    alter table standings \u000a       add constraint FK1mk0ei56mpdisw4rnmvmdc6m5 \u000a       foreign key (competition_id) \u000a       references competitions
\u000a    alter table standings \u000a       add constraint FK6ak9f4ieqoq2bam5sjt9us7e \u000a       foreign key (team_id) \u000a       references teams
\u000a    alter table teams \u000a       add constraint FK960eiqvy6kth3pqmgrmrolfxw \u000a       foreign key (coach_id) \u000a       references users
INSERT INTO USERS VALUES('2025-04-02 18:11:18.787124',1,'2025-04-02 18:11:18.787164','organizer@example.com','John','$2a$10$gsl5d7/eEpFzvl1o0lrxcOwpC4ctnfW01SHgSQbuUFVfbd6lHhVLe',NULL,NULL,'ORGANIZER','Doe',NULL)
COMMIT
INSERT INTO USERS VALUES('2025-04-02 18:11:18.886049',2,'2025-04-02 18:11:18.886071','coach@example.com','Alice','$2a$10$vkhR2cpTlR0Fh6VMFosRc.FEkzOHSROCf3ihtHMpdpxU8Newo7tcq',NULL,NULL,'COACH','Smith',NULL)
COMMIT
INSERT INTO TEAMS VALUES(2,'2025-04-02 18:11:18.889582',1,'2025-04-02 18:11:18.889598','Juniors',NULL,'Team Alpha')
COMMIT
INSERT INTO TEAMS VALUES(2,'2025-04-02 18:11:18.900077',2,'2025-04-02 18:11:18.900108','Seniors',NULL,'Team Beta')
COMMIT
INSERT INTO COMPETITIONS VALUES('2025-04-16',16,'2025-04-05','2025-04-09','2025-04-02 18:11:18.902901',1,1,'2025-04-02 18:11:18.902911','UPCOMING','LEAGUE','Annual Spring Football Tournament','Stadium A','Spring Tournament')
INSERT INTO COMPETITION_TEAMS VALUES(1,2)
INSERT INTO COMPETITION_TEAMS VALUES(1,1)
COMMIT
INSERT INTO MATCHES VALUES(NULL,NULL,2,1,'2025-04-02 18:11:18.907962',1,1,'2025-04-10 18:11:18.907927','2025-04-02 18:11:18.907967','Stadium A - Field 1','SCHEDULED')
COMMIT
INSERT INTO MATCH_SHEETS VALUES(FALSE,'2025-04-02 18:11:18.910428',1,1,'2025-04-02 18:11:18.910446',NULL,'Standard 4-4-2')
COMMIT
\u000a    drop table if exists competition_teams cascade 
\u000a    drop table if exists competitions cascade 
\u000a    drop table if exists match_sheets cascade 
\u000a    drop table if exists matches cascade 
\u000a    drop table if exists media cascade 
\u000a    drop table if exists notifications cascade 
\u000a    drop table if exists player_participations cascade 
\u000a    drop table if exists players cascade 
\u000a    drop table if exists standings cascade 
\u000a    drop table if exists teams cascade 
\u000a    drop table if exists users cascade 
DISCONNECT
/*C66*/SET SCHEMA PUBLIC
DISCONNECT
/*C67*/SET SCHEMA PUBLIC
DISCONNECT
/*C68*/SET SCHEMA PUBLIC
DISCONNECT
/*C69*/SET SCHEMA PUBLIC
DISCONNECT
/*C70*/SET SCHEMA PUBLIC
DISCONNECT
/*C71*/SET SCHEMA PUBLIC
DISCONNECT
/*C72*/SET SCHEMA PUBLIC
DISCONNECT
/*C73*/SET SCHEMA PUBLIC
DISCONNECT
/*C74*/SET SCHEMA PUBLIC
DISCONNECT
/*C75*/SET SCHEMA PUBLIC
\u000a    drop table if exists competition_teams cascade 
\u000a    drop table if exists competitions cascade 
\u000a    drop table if exists match_sheets cascade 
\u000a    drop table if exists matches cascade 
\u000a    drop table if exists media cascade 
\u000a    drop table if exists notifications cascade 
\u000a    drop table if exists player_participations cascade 
\u000a    drop table if exists players cascade 
\u000a    drop table if exists standings cascade 
\u000a    drop table if exists teams cascade 
\u000a    drop table if exists users cascade 
\u000a    create table competition_teams (\u000a        competition_id bigint not null,\u000a        team_id bigint not null,\u000a        primary key (competition_id, team_id)\u000a    )
\u000a    create table competitions (\u000a        end_date date not null,\u000a        max_teams integer,\u000a        registration_deadline date,\u000a        start_date date not null,\u000a        created_at timestamp(6),\u000a        id bigint generated by default as identity (start with 1),\u000a        organizer_id bigint not null,\u000a        updated_at timestamp(6),\u000a        competition_status varchar(255) not null check (competition_status in ('UPCOMING','REGISTRATION','ONGOING','COMPLETED','CANCELLED')),\u000a        competition_type varchar(255) not null check (competition_type in ('LEAGUE','TOURNAMENT','CUP')),\u000a        description varchar(255) not null,\u000a        location varchar(255) not null,\u000a        name varchar(255) not null,\u000a        primary key (id)\u000a    )
\u000a    create table match_sheets (\u000a        is_validated boolean,\u000a        created_at timestamp(6),\u000a        id bigint generated by default as identity (start with 1),\u000a        match_id bigint not null unique,\u000a        updated_at timestamp(6),\u000a        validation_date timestamp(6),\u000a        strategy varchar(255),\u000a        primary key (id)\u000a    )
\u000a    create table matches (\u000a        away_score integer,\u000a        home_score integer,\u000a        away_team_id bigint not null,\u000a        competition_id bigint not null,\u000a        created_at timestamp(6),\u000a        home_team_id bigint not null,\u000a        id bigint generated by default as identity (start with 1),\u000a        match_date timestamp(6) not null,\u000a        updated_at timestamp(6),\u000a        location varchar(255),\u000a        match_status varchar(255) not null check (match_status in ('SCHEDULED','ONGOING','COMPLETED','POSTPONED','CANCELLED')),\u000a        primary key (id)\u000a    )
\u000a    create table media (\u000a        competition_id bigint,\u000a        created_at timestamp(6),\u000a        id bigint generated by default as identity (start with 1),\u000a        match_id bigint,\u000a        uploaded_by bigint not null,\u000a        media_type varchar(255) not null check (media_type in ('IMAGE','VIDEO','AUDIO','DOCUMENT')),\u000a        title varchar(255) not null,\u000a        url varchar(255) not null,\u000a        primary key (id)\u000a    )
\u000a    create table notifications (\u000a        is_read boolean,\u000a        created_at timestamp(6),\u000a        id bigint generated by default as identity (start with 1),\u000a        user_id bigint not null,\u000a        message varchar(255) not null,\u000a        notification_type varchar(255) not null check (notification_type in ('COMPETITION_REGISTRATION','MATCH_REMINDER','RESULT_UPDATE','SYSTEM_MESSAGE')),\u000a        title varchar(255) not null,\u000a        primary key (id)\u000a    )
\u000a    create table player_participations (\u000a        goals_scored integer,\u000a        minutes_played integer,\u000a        red_cards integer,\u000a        shirt_number integer,\u000a        substitution_in_time integer,\u000a        substitution_out_time integer,\u000a        yellow_cards integer,\u000a        created_at timestamp(6),\u000a        id bigint generated by default as identity (start with 1),\u000a        match_sheet_id bigint not null,\u000a        player_id bigint not null,\u000a        updated_at timestamp(6),\u000a        player_status varchar(255) not null check (player_status in ('STARTER','SUBSTITUTE','ENTERED','NOT_PLAYED','INJURED','EXPELLED')),\u000a        position varchar(255),\u000a        primary key (id)\u000a    )
\u000a    create table players (\u000a        date_of_birth date not null,\u000a        id bigint not null,\u000a        team_id bigint not null,\u000a        last_name varchar(255) not null,\u000a        license_number varchar(255) not null unique,\u000a        primary key (id)\u000a    )
\u000a    create table standings (\u000a        goal_difference integer,\u000a        goals_against integer,\u000a        goals_for integer,\u000a        matches_drawn integer,\u000a        matches_lost integer,\u000a        matches_played integer,\u000a        matches_won integer,\u000a        points integer,\u000a        rank integer,\u000a        competition_id bigint not null,\u000a        id bigint generated by default as identity (start with 1),\u000a        team_id bigint not null,\u000a        updated_at timestamp(6),\u000a        primary key (id)\u000a    )
\u000a    create table teams (\u000a        coach_id bigint not null,\u000a        created_at timestamp(6),\u000a        id bigint generated by default as identity (start with 1),\u000a        updated_at timestamp(6),\u000a        category varchar(255) not null,\u000a        logo varchar(255),\u000a        name varchar(255) not null,\u000a        primary key (id)\u000a    )
\u000a    create table users (\u000a        created_at timestamp(6),\u000a        id bigint generated by default as identity (start with 1),\u000a        updated_at timestamp(6),\u000a        email varchar(255) not null unique,\u000a        first_name varchar(255) not null,\u000a        password varchar(255) not null,\u000a        phone_number varchar(255),\u000a        profile_picture varchar(255),\u000a        role varchar(255) not null,\u000a        sur_name varchar(255) not null,\u000a        user_name varchar(255),\u000a        primary key (id)\u000a    )
\u000a    alter table competition_teams \u000a       add constraint FKe7d44sqbvks0ksyek5s0hkwbb \u000a       foreign key (team_id) \u000a       references teams
\u000a    alter table competition_teams \u000a       add constraint FK3vr384amtk94uwh5y09qs72tx \u000a       foreign key (competition_id) \u000a       references competitions
\u000a    alter table competitions \u000a       add constraint FKgyg21c2jo1s32pybeb6xduox7 \u000a       foreign key (organizer_id) \u000a       references users
\u000a    alter table match_sheets \u000a       add constraint FKs424mpo83t87r4bqpno5sa1bj \u000a       foreign key (match_id) \u000a       references matches
\u000a    alter table matches \u000a       add constraint FK2e8erbfecb0tjtq9iudg36bxu \u000a       foreign key (away_team_id) \u000a       references teams
\u000a    alter table matches \u000a       add constraint FK2yx8g5hn2q4hfx6mi59o1fo0y \u000a       foreign key (competition_id) \u000a       references competitions
\u000a    alter table matches \u000a       add constraint FK8k68nekawp47js52dq8720voe \u000a       foreign key (home_team_id) \u000a       references teams
\u000a    alter table media \u000a       add constraint FKcs4djkcnc40n0j0xyv2jsqt7u \u000a       foreign key (competition_id) \u000a       references competitions
\u000a    alter table media \u000a       add constraint FKcaa44srlkgjpkyrdku4xbs4ge \u000a       foreign key (match_id) \u000a       references matches
\u000a    alter table media \u000a       add constraint FKtphggvts46illbyvh98xlb0fd \u000a       foreign key (uploaded_by) \u000a       references users
\u000a    alter table notifications \u000a       add constraint FK9y21adhxn0ayjhfocscqox7bh \u000a       foreign key (user_id) \u000a       references users
\u000a    alter table player_participations \u000a       add constraint FKb8mlur1fj9f83hmkhkwxwto86 \u000a       foreign key (match_sheet_id) \u000a       references match_sheets
\u000a    alter table player_participations \u000a       add constraint FK8yopq0735xwb4f6o072sqapsi \u000a       foreign key (player_id) \u000a       references players
\u000a    alter table players \u000a       add constraint FK5nglidr00c4dyybl171v6kask \u000a       foreign key (team_id) \u000a       references teams
\u000a    alter table players \u000a       add constraint FKew10bdm70xnwdi3dgm7ja23fk \u000a       foreign key (id) \u000a       references users
\u000a    alter table standings \u000a       add constraint FK1mk0ei56mpdisw4rnmvmdc6m5 \u000a       foreign key (competition_id) \u000a       references competitions
\u000a    alter table standings \u000a       add constraint FK6ak9f4ieqoq2bam5sjt9us7e \u000a       foreign key (team_id) \u000a       references teams
\u000a    alter table teams \u000a       add constraint FK960eiqvy6kth3pqmgrmrolfxw \u000a       foreign key (coach_id) \u000a       references users
INSERT INTO USERS VALUES('2025-04-02 18:18:20.787180',1,'2025-04-02 18:18:20.787207','organizer@example.com','John','$2a$10$7sIrZ7/JDlRczYevQn3PL.No65adwfug/YWEBT/NUFL.SpFtYib1W',NULL,NULL,'ORGANIZER','Doe',NULL)
COMMIT
INSERT INTO USERS VALUES('2025-04-02 18:18:20.873979',2,'2025-04-02 18:18:20.874013','coach@example.com','Alice','$2a$10$aT2r65sSAIn93vWieRNYterZIUjAyoVQ8K5gajg/Ee4495hexbA.G',NULL,NULL,'COACH','Smith',NULL)
COMMIT
INSERT INTO TEAMS VALUES(2,'2025-04-02 18:18:20.876773',1,'2025-04-02 18:18:20.876789','Juniors',NULL,'Team Alpha')
COMMIT
INSERT INTO TEAMS VALUES(2,'2025-04-02 18:18:20.887159',2,'2025-04-02 18:18:20.887177','Seniors',NULL,'Team Beta')
COMMIT
INSERT INTO COMPETITIONS VALUES('2025-04-16',16,'2025-04-05','2025-04-09','2025-04-02 18:18:20.889269',1,1,'2025-04-02 18:18:20.889276','UPCOMING','LEAGUE','Annual Spring Football Tournament','Stadium A','Spring Tournament')
INSERT INTO COMPETITION_TEAMS VALUES(1,2)
INSERT INTO COMPETITION_TEAMS VALUES(1,1)
COMMIT
INSERT INTO MATCHES VALUES(NULL,NULL,2,1,'2025-04-02 18:18:20.893821',1,1,'2025-04-10 18:18:20.893787','2025-04-02 18:18:20.893826','Stadium A - Field 1','SCHEDULED')
COMMIT
INSERT INTO MATCH_SHEETS VALUES(FALSE,'2025-04-02 18:18:20.896043',1,1,'2025-04-02 18:18:20.896056',NULL,'Standard 4-4-2')
COMMIT
